Build started 23.03.2015 23:28:30.
     1>Project "C:\Users\Sergey\Documents\Visual Studio 2013\Projects\ConsoleApplication1\ConsoleApplication1\ConsoleApplication1.vcxproj" on node 2 (Build target(s)).
     1>C:\Program Files (x86)\MSBuild\Microsoft.Cpp\v4.0\V120\Microsoft.CppBuild.targets(388,5): warning MSB8028: The intermediate directory (x64\Debug\) contains files shared from another project (ConsoleApplication1.vcxproj).  This can lead to incorrect clean and rebuild behavior.
     1>ClCompile:
         C:\Program Files (x86)\Microsoft Visual Studio 12.0\VC\bin\x86_amd64\CL.exe /c /IC:\opencv\build\x64\vs\install\include /Zi /nologo /W3 /WX- /sdl /Od /D WIN32 /D _DEBUG /D _CONSOLE /D _LIB /D _UNICODE /D UNICODE /Gm /EHsc /RTC1 /MDd /GS /fp:precise /Zc:wchar_t /Zc:forScope /Yu"stdafx.h" /Fp"x64\Debug\MouseInteraction.pch" /Fo"x64\Debug\\" /Fd"x64\Debug\vc120.pdb" /Gd /TP /errorReport:prompt /STACK:100000000 RectangleDetection.cpp
     1>cl : Command line warning D9002: ignoring unknown option '/STACK:100000000'
         RectangleDetection.cpp
     1>RectangleDetection.cpp(81): warning C4244: 'argument' : conversion from 'int' to 'float', possible loss of data
     1>RectangleDetection.cpp(107): warning C4305: '=' : truncation from 'double' to 'float'
     1>RectangleDetection.cpp(112): warning C4305: '=' : truncation from 'double' to 'float'
     1>RectangleDetection.cpp(117): warning C4305: '=' : truncation from 'double' to 'float'
     1>RectangleDetection.cpp(144): warning C4244: 'argument' : conversion from 'int' to 'float', possible loss of data
       Link:
         C:\Program Files (x86)\Microsoft Visual Studio 12.0\VC\bin\x86_amd64\link.exe /ERRORREPORT:PROMPT /OUT:"C:\Users\Sergey\Documents\Visual Studio 2013\Projects\ConsoleApplication1\x64\Debug\MouseInteraction.exe" /INCREMENTAL /NOLOGO /LIBPATH:C:\opencv\build\x64\vs\install\x64\vc12\lib opencv_core2410d.lib opencv_imgproc2410d.lib opencv_highgui2410d.lib opencv_ml2410d.lib opencv_video2410d.lib opencv_features2d2410d.lib opencv_calib3d2410d.lib kernel32.lib user32.lib gdi32.lib winspool.lib comdlg32.lib advapi32.lib shell32.lib ole32.lib oleaut32.lib uuid.lib odbc32.lib odbccp32.lib /MANIFEST /MANIFESTUAC:"level='asInvoker' uiAccess='false'" /manifest:embed /DEBUG /PDB:"C:\Users\Sergey\Documents\Visual Studio 2013\Projects\ConsoleApplication1\x64\Debug\MouseInteraction.pdb" /SUBSYSTEM:CONSOLE /TLBID:1 /DYNAMICBASE /NXCOMPAT /IMPLIB:"C:\Users\Sergey\Documents\Visual Studio 2013\Projects\ConsoleApplication1\x64\Debug\MouseInteraction.lib" /MACHINE:X64 x64\Debug\Camera.obj
         x64\Debug\main.obj
         x64\Debug\Exception.obj
         x64\Debug\MouseEvents.obj
         x64\Debug\Point.obj
         x64\Debug\RectangleDetection.obj
         x64\Debug\stdafx.obj
         ConsoleApplication1.vcxproj -> C:\Users\Sergey\Documents\Visual Studio 2013\Projects\ConsoleApplication1\x64\Debug\MouseInteraction.exe
     1>Done Building Project "C:\Users\Sergey\Documents\Visual Studio 2013\Projects\ConsoleApplication1\ConsoleApplication1\ConsoleApplication1.vcxproj" (Build target(s)).

Build succeeded.

Time Elapsed 00:00:01.16
